src/kernel/power/power_manager.c(7): Error! E1077: Missing '}'
src/kernel/power/power_manager.c(10): Warning! W132: No storage class or type specified
src/kernel/power/power_manager.c(10): Warning! W305: Type 'int' assumed in declaration of 'asm'
src/kernel/power/power_manager.c(10): Error! E1009: Expecting ';' but found 'volatile'
src/kernel/power/power_manager.c(11): Error! E1009: Expecting ')' but found 'movw $0xB004, %%dx\n\t'
src/kernel/power/power_manager.c(12): Error! E1026: Invalid declarator
src/kernel/power/power_manager.c(12): Error! E1009: Expecting ';' but found 'movb $0x00, %%al\n\t'
src/kernel/power/power_manager.c(12): Error! E1061: Expecting data or function declaration, but found 'string'
src/kernel/power/power_manager.c(13): Error! E1026: Invalid declarator
src/kernel/power/power_manager.c(13): Error! E1009: Expecting ';' but found 'movw %0, %%di\n\t'
src/kernel/power/power_manager.c(13): Error! E1061: Expecting data or function declaration, but found 'string'
src/kernel/power/power_manager.c(14): Error! E1026: Invalid declarator
src/kernel/power/power_manager.c(14): Error! E1009: Expecting ';' but found 'outb %%al, %%dx\n\t'
src/kernel/power/power_manager.c(14): Error! E1061: Expecting data or function declaration, but found 'string'
src/kernel/power/power_manager.c(15): Error! E1026: Invalid declarator
src/kernel/power/power_manager.c(15): Error! E1009: Expecting ';' but found 'rep outsb\n\t'
src/kernel/power/power_manager.c(15): Error! E1061: Expecting data or function declaration, but found 'string'
src/kernel/power/power_manager.c(16): Error! E1026: Invalid declarator
src/kernel/power/power_manager.c(16): Error! E1009: Expecting ';' but found ':'
src/kernel/power/power_manager.c(16): Error! E1061: Expecting data or function declaration, but found ':'
src/kernel/power/power_manager.c(17): Error! E1026: Invalid declarator
src/kernel/power/power_manager.c(17): Error! E1009: Expecting ';' but found ':'
src/kernel/power/power_manager.c(17): Error! E1147: Too many errors: compilation aborted
